#
# A fatal error has been detected by the Java Runtime Environment:
#
#  EXCEPTION_ACCESS_VIOLATION (0xc0000005) at pc=0x0000000069f42928, pid=5816, tid=0x0000000000001a04
#
# JRE version: Java(TM) SE Runtime Environment (8.0_131-b11) (build 1.8.0_131-b11)
# Java VM: Java HotSpot(TM) 64-Bit Server VM (25.131-b11 mixed mode windows-amd64 compressed oops)
# Problematic frame:
# C  [jdwp.dll+0x22928]
#
# Failed to write core dump. Minidumps are not enabled by default on client versions of Windows
#
# If you would like to submit a bug report, please visit:
#   http://bugreport.java.com/bugreport/crash.jsp
# The crash happened outside the Java Virtual Machine in native code.
# See problematic frame for where to report the bug.
#

---------------  T H R E A D  ---------------

Current thread (0x0000000058676800):  JavaThread "JDWP Command Reader" daemon [_thread_in_native, id=6660, stack(0x0000000059320000,0x0000000059420000)]

siginfo: ExceptionCode=0xc0000005, reading address 0x0000000000000000

Registers:
RAX=0x0000000069f4f5a0, RBX=0x000000000000000c, RCX=0x0000000000000000, RDX=0x0000000000000028
RSP=0x000000005941f740, RBP=0x000000005941f9b0, RSI=0x0000000000000004, RDI=0x0000000071dc33c0
R8 =0x000000005941f7a8, R9 =0x7efefefefefeff6b, R10=0x81010101010100f8, R11=0x8101010101010100
R12=0x0000000069f491d8, R13=0x0000000058677618, R14=0x0000000000000000, R15=0x0000000000000000
RIP=0x0000000069f42928, EFLAGS=0x0000000000010206

Top of Stack: (sp=0x000000005941f740)
0x000000005941f740:   0000000000002714 ffffffffffb3b4c0
0x000000005941f750:   0000000000000318 000000005941f878
0x000000005941f760:   0000000000000001 0000000071dc23c0
0x000000005941f770:   000000005941f7c8 0000000000000000
0x000000005941f780:   0000000000000020 0000000000000020
0x000000005941f790:   0000000071dc33c0 0000000071dc108e
0x000000005941f7a0:   000000000000000c 0000000000000000
0x000000005941f7b0:   0000000000000004 000000006a8d718d
0x000000005941f7c0:   7075727265746e49 636e756620646574
0x000000005941f7d0:   6c6163206e6f6974 000000000000006c
0x000000005941f7e0:   0000000000000000 0000000000000000
0x000000005941f7f0:   0000000058677618 0000000000000000
0x000000005941f800:   00000000000002bc 000007fefce20369
0x000000005941f810:   00000000000002bc 0000000001dd5e70
0x000000005941f820:   0000000000000004 000000005941f864
0x000000005941f830:   000000005941f8c8 0000000000000000 

Instructions: (pc=0x0000000069f42928)
0x0000000069f42908:   83 ec 50 48 63 d1 85 c9 75 07 33 c0 e9 84 00 00
0x0000000069f42918:   00 48 8b 05 c8 d3 00 00 4c 8d 44 24 68 48 8b 08
0x0000000069f42928:   48 8b 01 ff 90 68 01 00 00 8b f8 85 c0 74 61 8b
0x0000000069f42938:   c8 e8 72 ca fe ff 48 8b d8 ff 15 e9 48 00 00 c7 


Register to memory mapping:

RAX=0x0000000069f4f5a0 is an unknown value
RBX=0x000000000000000c is an unknown value
RCX=0x0000000000000000 is an unknown value
RDX=0x0000000000000028 is an unknown value
RSP=0x000000005941f740 is pointing into the stack for thread: 0x0000000058676800
RBP=0x000000005941f9b0 is pointing into the stack for thread: 0x0000000058676800
RSI=0x0000000000000004 is an unknown value
RDI=0x0000000071dc33c0 is an unknown value
R8 =0x000000005941f7a8 is pointing into the stack for thread: 0x0000000058676800
R9 =0x7efefefefefeff6b is an unknown value
R10=0x81010101010100f8 is an unknown value
R11=0x8101010101010100 is an unknown value
R12=0x0000000069f491d8 is an unknown value
R13=0x0000000058677618 is an unknown value
R14=0x0000000000000000 is an unknown value
R15=0x0000000000000000 is an unknown value


Stack: [0x0000000059320000,0x0000000059420000],  sp=0x000000005941f740,  free space=1021k
Native frames: (J=compiled Java code, j=interpreted, Vv=VM code, C=native code)
C  [jdwp.dll+0x22928]
C  [dt_socket.dll+0x108e]
C  [dt_socket.dll+0x15f6]
C  [jdwp.dll+0x1fad1]
C  [jdwp.dll+0xed38]
V  [jvm.dll+0x1bda28]
V  [jvm.dll+0x24537f]
V  [jvm.dll+0x29cc1a]
C  [msvcr100.dll+0x21d9f]
C  [msvcr100.dll+0x21e3b]
C  [kernel32.dll+0x159cd]
C  [ntdll.dll+0x2a561]


---------------  P R O C E S S  ---------------

Java Threads: ( => current thread )
  0x000000005870f800 JavaThread "Service Thread" daemon [_thread_blocked, id=8044, stack(0x0000000059d20000,0x0000000059e20000)]
  0x0000000058696000 JavaThread "C1 CompilerThread2" daemon [_thread_blocked, id=8376, stack(0x0000000059bc0000,0x0000000059cc0000)]
  0x0000000058693000 JavaThread "C2 CompilerThread1" daemon [_thread_blocked, id=3088, stack(0x0000000059960000,0x0000000059a60000)]
  0x000000005868f000 JavaThread "C2 CompilerThread0" daemon [_thread_blocked, id=8640, stack(0x0000000059700000,0x0000000059800000)]
=>0x0000000058676800 JavaThread "JDWP Command Reader" daemon [_thread_in_native, id=6660, stack(0x0000000059320000,0x0000000059420000)]
  0x0000000058675800 JavaThread "JDWP Event Helper Thread" daemon [_thread_blocked, id=7932, stack(0x0000000059590000,0x0000000059690000)]
  0x00000000573ab800 JavaThread "JDWP Transport Listener: dt_socket" daemon [_thread_blocked, id=3056, stack(0x0000000059420000,0x0000000059520000)]
  0x0000000058660800 JavaThread "Attach Listener" daemon [_thread_blocked, id=7012, stack(0x0000000058b90000,0x0000000058c90000)]
  0x00000000573a8800 JavaThread "Signal Dispatcher" daemon [_thread_blocked, id=6724, stack(0x0000000058a70000,0x0000000058b70000)]
  0x000000005738b800 JavaThread "Finalizer" daemon [_thread_blocked, id=7708, stack(0x0000000058560000,0x0000000058660000)]
  0x0000000057344800 JavaThread "Reference Handler" daemon [_thread_blocked, id=2524, stack(0x0000000058450000,0x0000000058550000)]
  0x0000000001eba000 JavaThread "main" [_thread_blocked, id=7888, stack(0x00000000021d0000,0x00000000022d0000)]

Other Threads:
  0x000000005733d000 VMThread [stack: 0x0000000058320000,0x0000000058420000] [id=8804]

VM state:at safepoint (normal execution)

VM Mutex/Monitor currently owned by a thread:  ([mutex/lock_event])
[0x0000000001eb8a80] Threads_lock - owner thread: 0x000000005733d000

Heap:
 PSYoungGen      total 221184K, used 6475K [0x00000000d5c00000, 0x00000000e6e00000, 0x0000000100000000)
  eden space 217600K, 2% used [0x00000000d5c00000,0x00000000d6252e08,0x00000000e3080000)
  from space 3584K, 0% used [0x00000000e6a80000,0x00000000e6a80000,0x00000000e6e00000)
  to   space 25088K, 0% used [0x00000000e3d00000,0x00000000e3d00000,0x00000000e5580000)
 ParOldGen       total 84480K, used 30001K [0x0000000081400000, 0x0000000086680000, 0x00000000d5c00000)
  object space 84480K, 35% used [0x0000000081400000,0x000000008314c418,0x0000000086680000)
 Metaspace       used 25825K, capacity 26462K, committed 27904K, reserved 1073152K
  class space    used 2948K, capacity 3145K, committed 3328K, reserved 1048576K

Card table byte_map: [0x0000000011960000,0x0000000011d60000] byte_map_base: 0x0000000011556000

Marking Bits: (ParMarkBitMap*) 0x000000006aedc720
 Begin Bits: [0x0000000012650000, 0x0000000014600000)
 End Bits:   [0x0000000014600000, 0x00000000165b0000)

Polling page: 0x0000000000330000

CodeCache: size=245760Kb used=22219Kb max_used=22332Kb free=223540Kb
 bounds [0x00000000025a0000, 0x0000000003bb0000, 0x00000000115a0000]
 total_blobs=6236 nmethods=5843 adapters=312
 compilation: enabled

Compilation events (10 events):
Event: 20.654 Thread 0x000000005868f000 nmethod 6590 0x0000000002752c10 code [0x0000000002752d60, 0x0000000002752e78]
Event: 20.655 Thread 0x0000000058696000 nmethod 6596 0x000000000289b190 code [0x000000000289b300, 0x000000000289b550]
Event: 20.655 Thread 0x0000000058696000 6597       3       org.eclipse.sisu.inject.RankedSequence$Content::remove (113 bytes)
Event: 20.655 Thread 0x000000005868f000 6592   !   4       java.lang.ref.ReferenceQueue::enqueue (119 bytes)
Event: 20.655 Thread 0x0000000058696000 nmethod 6597 0x00000000032e9c10 code [0x00000000032e9de0, 0x00000000032ea5d8]
Event: 20.656 Thread 0x0000000058696000 6598       3       org.eclipse.sisu.inject.RankedSequence::removeThis (43 bytes)
Event: 20.657 Thread 0x0000000058696000 nmethod 6598 0x00000000032e7a10 code [0x00000000032e7bc0, 0x00000000032e8368]
Event: 20.658 Thread 0x0000000058696000 6599       1       java.util.logging.Logger::getName (5 bytes)
Event: 20.659 Thread 0x0000000058696000 nmethod 6599 0x000000000290f410 code [0x000000000290f560, 0x000000000290f670]
Event: 20.659 Thread 0x000000005868f000 nmethod 6592 0x0000000003274190 code [0x0000000003274300, 0x00000000032748c8]

GC Heap History (10 events):
Event: 4.738 GC heap before
{Heap before GC invocations=6 (full 1):
 PSYoungGen      total 138240K, used 5104K [0x00000000d5c00000, 0x00000000e7b00000, 0x0000000100000000)
  eden space 133120K, 0% used [0x00000000d5c00000,0x00000000d5c00000,0x00000000dde00000)
  from space 5120K, 99% used [0x00000000dde00000,0x00000000de2fc010,0x00000000de300000)
  to   space 13824K, 0% used [0x00000000e6d80000,0x00000000e6d80000,0x00000000e7b00000)
 ParOldGen       total 87552K, used 19094K [0x0000000081400000, 0x0000000086980000, 0x00000000d5c00000)
  object space 87552K, 21% used [0x0000000081400000,0x00000000826a59e0,0x0000000086980000)
 Metaspace       used 20625K, capacity 21130K, committed 21296K, reserved 1069056K
  class space    used 2470K, capacity 2627K, committed 2688K, reserved 1048576K
Event: 4.958 GC heap after
Heap after GC invocations=6 (full 1):
 PSYoungGen      total 138240K, used 0K [0x00000000d5c00000, 0x00000000e7b00000, 0x0000000100000000)
  eden space 133120K, 0% used [0x00000000d5c00000,0x00000000d5c00000,0x00000000dde00000)
  from space 5120K, 0% used [0x00000000dde00000,0x00000000dde00000,0x00000000de300000)
  to   space 13824K, 0% used [0x00000000e6d80000,0x00000000e6d80000,0x00000000e7b00000)
 ParOldGen       total 84480K, used 19847K [0x0000000081400000, 0x0000000086680000, 0x00000000d5c00000)
  object space 84480K, 23% used [0x0000000081400000,0x0000000082761f90,0x0000000086680000)
 Metaspace       used 20625K, capacity 21130K, committed 21296K, reserved 1069056K
  class space    used 2470K, capacity 2627K, committed 2688K, reserved 1048576K
}
Event: 6.633 GC heap before
{Heap before GC invocations=7 (full 1):
 PSYoungGen      total 138240K, used 133120K [0x00000000d5c00000, 0x00000000e7b00000, 0x0000000100000000)
  eden space 133120K, 100% used [0x00000000d5c00000,0x00000000dde00000,0x00000000dde00000)
  from space 5120K, 0% used [0x00000000dde00000,0x00000000dde00000,0x00000000de300000)
  to   space 13824K, 0% used [0x00000000e6d80000,0x00000000e6d80000,0x00000000e7b00000)
 ParOldGen       total 84480K, used 19847K [0x0000000081400000, 0x0000000086680000, 0x00000000d5c00000)
  object space 84480K, 23% used [0x0000000081400000,0x0000000082761f90,0x0000000086680000)
 Metaspace       used 23765K, capacity 24436K, committed 24448K, reserved 1071104K
  class space    used 2769K, capacity 2944K, committed 2944K, reserved 1048576K
Event: 6.653 GC heap after
Heap after GC invocations=7 (full 1):
 PSYoungGen      total 185344K, used 13799K [0x00000000d5c00000, 0x00000000e7b00000, 0x0000000100000000)
  eden space 171520K, 0% used [0x00000000d5c00000,0x00000000d5c00000,0x00000000e0380000)
  from space 13824K, 99% used [0x00000000e6d80000,0x00000000e7af9de8,0x00000000e7b00000)
  to   space 16896K, 0% used [0x00000000e5a00000,0x00000000e5a00000,0x00000000e6a80000)
 ParOldGen       total 84480K, used 22054K [0x0000000081400000, 0x0000000086680000, 0x00000000d5c00000)
  object space 84480K, 26% used [0x0000000081400000,0x0000000082989828,0x0000000086680000)
 Metaspace       used 23765K, capacity 24436K, committed 24448K, reserved 1071104K
  class space    used 2769K, capacity 2944K, committed 2944K, reserved 1048576K
}
Event: 9.237 GC heap before
{Heap before GC invocations=8 (full 1):
 PSYoungGen      total 185344K, used 185319K [0x00000000d5c00000, 0x00000000e7b00000, 0x0000000100000000)
  eden space 171520K, 100% used [0x00000000d5c00000,0x00000000e0380000,0x00000000e0380000)
  from space 13824K, 99% used [0x00000000e6d80000,0x00000000e7af9de8,0x00000000e7b00000)
  to   space 16896K, 0% used [0x00000000e5a00000,0x00000000e5a00000,0x00000000e6a80000)
 ParOldGen       total 84480K, used 22054K [0x0000000081400000, 0x0000000086680000, 0x00000000d5c00000)
  object space 84480K, 26% used [0x0000000081400000,0x0000000082989828,0x0000000086680000)
 Metaspace       used 25382K, capacity 25982K, committed 26112K, reserved 1073152K
  class space    used 2911K, capacity 3047K, committed 3072K, reserved 1048576K
Event: 9.267 GC heap after
Heap after GC invocations=8 (full 1):
 PSYoungGen      total 234496K, used 16885K [0x00000000d5c00000, 0x00000000e6e00000, 0x0000000100000000)
  eden space 217600K, 0% used [0x00000000d5c00000,0x00000000d5c00000,0x00000000e3080000)
  from space 16896K, 99% used [0x00000000e5a00000,0x00000000e6a7d6e8,0x00000000e6a80000)
  to   space 3584K, 0% used [0x00000000e6a80000,0x00000000e6a80000,0x00000000e6e00000)
 ParOldGen       total 84480K, used 26956K [0x0000000081400000, 0x0000000086680000, 0x00000000d5c00000)
  object space 84480K, 31% used [0x0000000081400000,0x0000000082e531c0,0x0000000086680000)
 Metaspace       used 25382K, capacity 25982K, committed 26112K, reserved 1073152K
  class space    used 2911K, capacity 3047K, committed 3072K, reserved 1048576K
}
Event: 20.448 GC heap before
{Heap before GC invocations=9 (full 1):
 PSYoungGen      total 234496K, used 90228K [0x00000000d5c00000, 0x00000000e6e00000, 0x0000000100000000)
  eden space 217600K, 33% used [0x00000000d5c00000,0x00000000da39fb88,0x00000000e3080000)
  from space 16896K, 99% used [0x00000000e5a00000,0x00000000e6a7d6e8,0x00000000e6a80000)
  to   space 3584K, 0% used [0x00000000e6a80000,0x00000000e6a80000,0x00000000e6e00000)
 ParOldGen       total 84480K, used 26956K [0x0000000081400000, 0x0000000086680000, 0x00000000d5c00000)
  object space 84480K, 31% used [0x0000000081400000,0x0000000082e531c0,0x0000000086680000)
 Metaspace       used 27054K, capacity 27764K, committed 27904K, reserved 1073152K
  class space    used 3103K, capacity 3320K, committed 3328K, reserved 1048576K
Event: 20.480 GC heap after
Heap after GC invocations=9 (full 1):
 PSYoungGen      total 221184K, used 3575K [0x00000000d5c00000, 0x00000000e6e00000, 0x0000000100000000)
  eden space 217600K, 0% used [0x00000000d5c00000,0x00000000d5c00000,0x00000000e3080000)
  from space 3584K, 99% used [0x00000000e6a80000,0x00000000e6dfde18,0x00000000e6e00000)
  to   space 25088K, 0% used [0x00000000e3d00000,0x00000000e3d00000,0x00000000e5580000)
 ParOldGen       total 84480K, used 45251K [0x0000000081400000, 0x0000000086680000, 0x00000000d5c00000)
  object space 84480K, 53% used [0x0000000081400000,0x0000000084030ca0,0x0000000086680000)
 Metaspace       used 27054K, capacity 27764K, committed 27904K, reserved 1073152K
  class space    used 3103K, capacity 3320K, committed 3328K, reserved 1048576K
}
Event: 20.480 GC heap before
{Heap before GC invocations=10 (full 2):
 PSYoungGen      total 221184K, used 3575K [0x00000000d5c00000, 0x00000000e6e00000, 0x0000000100000000)
  eden space 217600K, 0% used [0x00000000d5c00000,0x00000000d5c00000,0x00000000e3080000)
  from space 3584K, 99% used [0x00000000e6a80000,0x00000000e6dfde18,0x00000000e6e00000)
  to   space 25088K, 0% used [0x00000000e3d00000,0x00000000e3d00000,0x00000000e5580000)
 ParOldGen       total 84480K, used 45251K [0x0000000081400000, 0x0000000086680000, 0x00000000d5c00000)
  object space 84480K, 53% used [0x0000000081400000,0x0000000084030ca0,0x0000000086680000)
 Metaspace       used 27054K, capacity 27764K, committed 27904K, reserved 1073152K
  class space    used 3103K, capacity 3320K, committed 3328K, reserved 1048576K
Event: 20.638 GC heap after
Heap after GC invocations=10 (full 2):
 PSYoungGen      total 221184K, used 0K [0x00000000d5c00000, 0x00000000e6e00000, 0x0000000100000000)
  eden space 217600K, 0% used [0x00000000d5c00000,0x00000000d5c00000,0x00000000e3080000)
  from space 3584K, 0% used [0x00000000e6a80000,0x00000000e6a80000,0x00000000e6e00000)
  to   space 25088K, 0% used [0x00000000e3d00000,0x00000000e3d00000,0x00000000e5580000)
 ParOldGen       total 84480K, used 30001K [0x0000000081400000, 0x0000000086680000, 0x00000000d5c00000)
  object space 84480K, 35% used [0x0000000081400000,0x000000008314c418,0x0000000086680000)
 Metaspace       used 25818K, capacity 26462K, committed 27904K, reserved 1073152K
  class space    used 2947K, capacity 3145K, committed 3328K, reserved 1048576K
}

Deoptimization events (10 events):
Event: 10.854 Thread 0x0000000001eba000 Uncommon trap: reason=unhandled action=none pc=0x0000000003184c7c method=java.net.URLClassLoader.findClass(Ljava/lang/String;)Ljava/lang/Class; @ 44
Event: 10.857 Thread 0x0000000001eba000 Uncommon trap: reason=unhandled action=none pc=0x0000000003184c7c method=java.net.URLClassLoader.findClass(Ljava/lang/String;)Ljava/lang/Class; @ 44
Event: 10.866 Thread 0x0000000001eba000 Uncommon trap: reason=unhandled action=none pc=0x0000000003184c7c method=java.net.URLClassLoader.findClass(Ljava/lang/String;)Ljava/lang/Class; @ 44
Event: 10.867 Thread 0x0000000001eba000 Uncommon trap: reason=unhandled action=none pc=0x0000000003184c7c method=java.net.URLClassLoader.findClass(Ljava/lang/String;)Ljava/lang/Class; @ 44
Event: 10.868 Thread 0x0000000001eba000 Uncommon trap: reason=unhandled action=none pc=0x0000000003184c7c method=java.net.URLClassLoader.findClass(Ljava/lang/String;)Ljava/lang/Class; @ 44
Event: 10.869 Thread 0x0000000001eba000 Uncommon trap: reason=class_check action=maybe_recompile pc=0x0000000002df5e4c method=java.util.Hashtable.put(Ljava/lang/Object;Ljava/lang/Object;)Ljava/lang/Object; @ 18
Event: 10.869 Thread 0x0000000001eba000 Uncommon trap: reason=class_check action=maybe_recompile pc=0x0000000002c43e8c method=java.util.Hashtable.get(Ljava/lang/Object;)Ljava/lang/Object; @ 6
Event: 10.869 Thread 0x0000000001eba000 Uncommon trap: reason=class_check action=maybe_recompile pc=0x0000000002df5e4c method=java.util.Hashtable.put(Ljava/lang/Object;Ljava/lang/Object;)Ljava/lang/Object; @ 18
Event: 20.644 Thread 0x0000000001eba000 Uncommon trap: reason=unhandled action=none pc=0x0000000003184c7c method=java.net.URLClassLoader.findClass(Ljava/lang/String;)Ljava/lang/Class; @ 44
Event: 20.650 Thread 0x0000000001eba000 Uncommon trap: reason=unhandled action=none pc=0x0000000003184c7c method=java.net.URLClassLoader.findClass(Ljava/lang/String;)Ljava/lang/Class; @ 44

Internal exceptions (10 events):
Event: 10.378 Thread 0x0000000001eba000 Exception <a 'java/lang/ArrayIndexOutOfBoundsException': 113> (0x00000000d9405020) thrown at [C:\re\workspace\8-2-build-windows-amd64-cygwin\jdk8u131\8869\hotspot\src\share\vm\interpreter\interpreterRuntime.cpp, line 366]
Event: 10.378 Thread 0x0000000001eba000 Exception <a 'java/lang/ArrayIndexOutOfBoundsException': 24> (0x00000000d9406298) thrown at [C:\re\workspace\8-2-build-windows-amd64-cygwin\jdk8u131\8869\hotspot\src\share\vm\interpreter\interpreterRuntime.cpp, line 366]
Event: 10.378 Thread 0x0000000001eba000 Exception <a 'java/lang/ArrayIndexOutOfBoundsException': 86> (0x00000000d9407948) thrown at [C:\re\workspace\8-2-build-windows-amd64-cygwin\jdk8u131\8869\hotspot\src\share\vm\interpreter\interpreterRuntime.cpp, line 366]
Event: 10.379 Thread 0x0000000001eba000 Exception <a 'java/lang/ArrayIndexOutOfBoundsException': 100> (0x00000000d9409078) thrown at [C:\re\workspace\8-2-build-windows-amd64-cygwin\jdk8u131\8869\hotspot\src\share\vm\interpreter\interpreterRuntime.cpp, line 366]
Event: 10.540 Thread 0x0000000001eba000 Exception <a 'java/lang/ArrayIndexOutOfBoundsException': 37> (0x00000000d98a7c00) thrown at [C:\re\workspace\8-2-build-windows-amd64-cygwin\jdk8u131\8869\hotspot\src\share\vm\interpreter\interpreterRuntime.cpp, line 366]
Event: 10.540 Thread 0x0000000001eba000 Exception <a 'java/lang/ArrayIndexOutOfBoundsException': 72> (0x00000000d98a9060) thrown at [C:\re\workspace\8-2-build-windows-amd64-cygwin\jdk8u131\8869\hotspot\src\share\vm\interpreter\interpreterRuntime.cpp, line 366]
Event: 10.540 Thread 0x0000000001eba000 Exception <a 'java/lang/ArrayIndexOutOfBoundsException': 83> (0x00000000d98aa930) thrown at [C:\re\workspace\8-2-build-windows-amd64-cygwin\jdk8u131\8869\hotspot\src\share\vm\interpreter\interpreterRuntime.cpp, line 366]
Event: 10.541 Thread 0x0000000001eba000 Exception <a 'java/lang/ArrayIndexOutOfBoundsException': 83> (0x00000000d98ac120) thrown at [C:\re\workspace\8-2-build-windows-amd64-cygwin\jdk8u131\8869\hotspot\src\share\vm\interpreter\interpreterRuntime.cpp, line 366]
Event: 10.627 Thread 0x0000000001eba000 Exception <a 'java/lang/ArrayIndexOutOfBoundsException': 182> (0x00000000d9c01fc0) thrown at [C:\re\workspace\8-2-build-windows-amd64-cygwin\jdk8u131\8869\hotspot\src\share\vm\interpreter\interpreterRuntime.cpp, line 366]
Event: 10.667 Thread 0x0000000001eba000 Exception <a 'java/lang/NoClassDefFoundError': org/sonatype/aether/version/VersionConstraint> (0x00000000d9d5a528) thrown at [C:\re\workspace\8-2-build-windows-amd64-cygwin\jdk8u131\8869\hotspot\src\share\vm\classfile\systemDictionary.cpp, line 199]

Events (10 events):
Event: 20.655 Thread 0x000000005868f000 flushing nmethod 0x000000000290f410
Event: 20.655 Thread 0x000000005868f000 flushing nmethod 0x0000000002965090
Event: 20.655 Thread 0x0000000058696000 flushing nmethod 0x0000000002a1d990
Event: 20.657 Thread 0x0000000058696000 flushing nmethod 0x0000000002acebd0
Event: 20.657 Thread 0x0000000058696000 flushing nmethod 0x0000000002af69d0
Event: 20.658 Thread 0x000000005a5c0000 Thread added: 0x000000005a5c0000
Event: 20.658 Thread 0x000000005a387800 Thread added: 0x000000005a387800
Event: 20.658 Thread 0x000000005a5c0000 Thread exited: 0x000000005a5c0000
Event: 20.659 Thread 0x000000005a387800 Thread exited: 0x000000005a387800
Event: 20.659 Executing VM operation: Exit


Dynamic libraries:
0x000000013f4f0000 - 0x000000013f527000 	C:\Program Files\Java\jdk1.8.0_131\bin\javaw.exe
0x0000000076cc0000 - 0x0000000076e6a000 	C:\WINDOWS\SYSTEM32\ntdll.dll
0x0000000076ba0000 - 0x0000000076cbf000 	C:\WINDOWS\system32\kernel32.dll
0x000007fefc9d0000 - 0x000007fefca3a000 	C:\WINDOWS\system32\KERNELBASE.dll
0x000007fefea40000 - 0x000007fefeb1b000 	C:\WINDOWS\system32\ADVAPI32.dll
0x000007fefcd70000 - 0x000007fefce0f000 	C:\WINDOWS\system32\msvcrt.dll
0x000007fefe800000 - 0x000007fefe81f000 	C:\WINDOWS\SYSTEM32\sechost.dll
0x000007fefe2f0000 - 0x000007fefe41d000 	C:\WINDOWS\system32\RPCRT4.dll
0x0000000076aa0000 - 0x0000000076b9a000 	C:\WINDOWS\system32\USER32.dll
0x000007fefe080000 - 0x000007fefe0e7000 	C:\WINDOWS\system32\GDI32.dll
0x000007fefea30000 - 0x000007fefea3e000 	C:\WINDOWS\system32\LPK.dll
0x000007fefeb20000 - 0x000007fefebeb000 	C:\WINDOWS\system32\USP10.dll
0x000007fefb390000 - 0x000007fefb584000 	C:\WINDOWS\WinSxS\amd64_microsoft.windows.common-controls_6595b64144ccf1df_6.0.7601.18837_none_fa3b1e3d17594757\COMCTL32.dll
0x000007fefe780000 - 0x000007fefe7f1000 	C:\WINDOWS\system32\SHLWAPI.dll
0x000007fefc7f0000 - 0x000007fefc847000 	C:\WINDOWS\system32\apphelp.dll
0x0000000071d70000 - 0x0000000071d9a000 	C:\WINDOWS\AppPatch\AppPatch64\EMET64.dll
0x000007fefafd0000 - 0x000007fefafe1000 	C:\WINDOWS\system32\WTSAPI32.dll
0x000007fefe420000 - 0x000007fefe44e000 	C:\WINDOWS\system32\IMM32.DLL
0x000007fefeec0000 - 0x000007fefefc9000 	C:\WINDOWS\system32\MSCTF.dll
0x0000000071bf0000 - 0x0000000071cc2000 	C:\Program Files\Java\jdk1.8.0_131\jre\bin\msvcr100.dll
0x000000006a6c0000 - 0x000000006af5c000 	C:\Program Files\Java\jdk1.8.0_131\jre\bin\server\jvm.dll
0x000007fef4360000 - 0x000007fef4369000 	C:\WINDOWS\system32\WSOCK32.dll
0x000007fefce10000 - 0x000007fefce5d000 	C:\WINDOWS\system32\WS2_32.dll
0x000007fefce60000 - 0x000007fefce68000 	C:\WINDOWS\system32\NSI.dll
0x000007fef3340000 - 0x000007fef337b000 	C:\WINDOWS\system32\WINMM.dll
0x000007fefba80000 - 0x000007fefba8c000 	C:\WINDOWS\system32\VERSION.dll
0x0000000076e80000 - 0x0000000076e87000 	C:\WINDOWS\system32\PSAPI.DLL
0x0000000073740000 - 0x000000007374f000 	C:\Program Files\Java\jdk1.8.0_131\jre\bin\verify.dll
0x0000000071b60000 - 0x0000000071b89000 	C:\Program Files\Java\jdk1.8.0_131\jre\bin\java.dll
0x0000000069f20000 - 0x0000000069f55000 	C:\Program Files\Java\jdk1.8.0_131\jre\bin\jdwp.dll
0x0000000071de0000 - 0x0000000071de8000 	C:\Program Files\Java\jdk1.8.0_131\jre\bin\npt.dll
0x0000000071b30000 - 0x0000000071b46000 	C:\Program Files\Java\jdk1.8.0_131\jre\bin\zip.dll
0x000007fefd2f0000 - 0x000007fefe07a000 	C:\WINDOWS\system32\SHELL32.dll
0x000007fefe0f0000 - 0x000007fefe2ec000 	C:\WINDOWS\system32\ole32.dll
0x000007fefc9c0000 - 0x000007fefc9cf000 	C:\WINDOWS\system32\profapi.dll
0x0000000071dc0000 - 0x0000000071dc9000 	C:\Program Files\Java\jdk1.8.0_131\jre\bin\dt_socket.dll
0x000007fef99a0000 - 0x000007fef99b5000 	C:\WINDOWS\system32\NLAapi.dll
0x000007fef5540000 - 0x000007fef5555000 	C:\WINDOWS\system32\napinsp.dll
0x000007fef5520000 - 0x000007fef5539000 	C:\WINDOWS\system32\pnrpnsp.dll
0x000007fefc180000 - 0x000007fefc1d5000 	C:\WINDOWS\System32\mswsock.dll
0x000007fefc000000 - 0x000007fefc05b000 	C:\WINDOWS\system32\DNSAPI.dll
0x000007fef5510000 - 0x000007fef551b000 	C:\WINDOWS\System32\winrnr.dll
0x000007fef5500000 - 0x000007fef5510000 	C:\WINDOWS\system32\wshbth.dll
0x000007fef96b0000 - 0x000007fef96d7000 	C:\WINDOWS\system32\IPHLPAPI.DLL
0x000007fef96a0000 - 0x000007fef96ab000 	C:\WINDOWS\system32\WINNSI.DLL
0x000007fef7ee0000 - 0x000007fef7f33000 	C:\WINDOWS\System32\fwpuclnt.dll
0x000007fef6720000 - 0x000007fef6728000 	C:\WINDOWS\system32\rasadhlp.dll
0x000007fefbb50000 - 0x000007fefbb57000 	C:\WINDOWS\System32\wshtcpip.dll
0x00000000718b0000 - 0x00000000718ca000 	C:\Program Files\Java\jdk1.8.0_131\jre\bin\net.dll
0x000007fefc170000 - 0x000007fefc177000 	C:\WINDOWS\System32\wship6.dll
0x000000006c5e0000 - 0x000000006c5f1000 	C:\Program Files\Java\jdk1.8.0_131\jre\bin\nio.dll
0x000007fef5f30000 - 0x000007fef6055000 	C:\WINDOWS\system32\dbghelp.dll

VM Arguments:
jvm_args: -agentlib:jdwp=transport=dt_socket,suspend=y,address=localhost:64992 -Dmaven.home=EMBEDDED -Dclassworlds.conf=C:\Users\Z0035VWW\Desktop\Leandro\Outros\App\EVS\Projeto\.metadata\.plugins\org.eclipse.m2e.launching\launches\m2conf2830419603727746709.tmp -Dmaven.multiModuleProjectDirectory=C:\Users\Z0035VWW\Desktop\Leandro\Outros\App\EVS\Projeto\TopControl -Dfile.encoding=UTF-8 
java_command: org.codehaus.plexus.classworlds.launcher.Launcher -P-Drun.jvmArguments=-Xdebug,-Xrunjdwp:transport=dt_socket,server=y,suspend=y,address=8080 -B clean spring-boot:run
java_class_path (initial): C:\Users\Z0035VWW\.p2\pool\plugins\org.eclipse.m2e.maven.runtime_1.8.2.20171007-0216\jars\plexus-classworlds-2.5.2.jar
Launcher Type: SUN_STANDARD

Environment Variables:
JAVA_HOME=C:\Program Files\Java\jdk1.8.0_131
PATH=C:\Program Files\Java\jdk1.8.0_131\jre\bin;C:/Program Files/Java/jdk1.8.0_131/jre/bin/server;C:/Program Files/Java/jdk1.8.0_131/jre/bin;C:/Program Files/Java/jdk1.8.0_131/jre/lib/amd64;C:\ProgramData\Oracle\Java\javapath;C:\WINDOWS\system32;C:\WINDOWS;C:\WINDOWS\System32\Wbem;C:\WINDOWS\System32\WindowsPowerShell\v1.0\;C:\Program Files\Microsoft SQL Server\110\Tools\Binn\;C:\Program Files (x86)\Microsoft SDKs\TypeScript\1.0\;C:\Program Files\Microsoft SQL Server\120\Tools\Binn\;C:\Program Files\Microsoft SQL Server\130\Tools\Binn\;C:\Program Files (x86)\Skype\Phone\;C:\WINDOWS\System32\WindowsPowerShell\v1.0\;C:\Program Files (x86)\Microsoft SQL Server\Client SDK\ODBC\130\Tools\Binn\;C:\Program Files (x86)\Microsoft SQL Server\140\Tools\Binn\;C:\Program Files (x86)\Microsoft SQL Server\140\DTS\Binn\;C:\Program Files (x86)\Microsoft SQL Server\140\Tools\Binn\ManagementStudio\;C:\Program Files\MySQL\MySQL Utilities 1.6\;C:\Program Files (x86)\PIPC\bin\;C:\Program Files\dotnet\;C:\Program Files\Git\cmd;C:\WINDOWS\system32\config\systemprofile\.dnx\bin;C:\Program Files\Microsoft DNX\Dnvm\;C:\Program Files\nodejs\;C:\Program Files (x86)\OpenSSH\bin;C:\Python36\Scripts\;C:\Python36\;C:\Program Files\Java\jdk1.8.0_131\bin;C:\Program Files\Java\jdk1.8.0_131\db\lib;C:\Program Files (x86)\Android\android-sdk\platform-tools;C:\Program Files (x86)\Android\android-sdk\tools;C:\Program Files\apache-maven-3.5.2\bin;C:\Users\Z0035VWW\AppData\Roaming\npm;C:\curl-7.56.1\bin;C:\eclipse\jee-oxygen\eclipse;
USERNAME=Z0035VWW
OS=Windows_NT
PROCESSOR_IDENTIFIER=Intel64 Family 6 Model 60 Stepping 3, GenuineIntel



---------------  S Y S T E M  ---------------

OS: Windows 7 , 64 bit Build 7601 (6.1.7601.23915)

CPU:total 4 (initial active 4) (2 cores per cpu, 2 threads per core) family 6 model 60 stepping 3, cmov, cx8, fxsr, mmx, sse, sse2, sse3, ssse3, sse4.1, sse4.2, popcnt, avx, avx2, aes, clmul, erms, lzcnt, ht, tsc, tscinvbit, bmi1, bmi2

Memory: 4k page, physical 8299628k(2683680k free), swap 16597396k(9949896k free)

vm_info: Java HotSpot(TM) 64-Bit Server VM (25.131-b11) for windows-amd64 JRE (1.8.0_131-b11), built on Mar 15 2017 01:23:53 by "java_re" with MS VC++ 10.0 (VS2010)

time: Wed Dec 27 23:00:58 2017
elapsed time: 20 seconds (0d 0h 0m 20s)

